<?xml version="1.0" encoding="UTF-8"?>
<testsuite xmlns:xsi="http://www.w3.org/2001/XMLSchema-instance" xsi:noNamespaceSchemaLocation="https://maven.apache.org/surefire/maven-surefire-plugin/xsd/surefire-test-report.xsd" name="name.lattuada.trading.tests.CucumberTest" time="3.789" tests="4" errors="0" skipped="0" failures="0">
  <properties>
[...]
</properties>
  <testcase name="Basic trading Buy Sell" classname="name.lattuada.trading.tests.CucumberTest" time="2.237"/>
  <testcase name="Basic trading Sell Buy" classname="name.lattuada.trading.tests.CucumberTest" time="0.125"/>
  <testcase name="No trades occur" classname="name.lattuada.trading.tests.CucumberTest" time="0.151"/>
  <testcase name="Basic trading Sell Buy with less quantity {Partial fulfillment}" classname="name.lattuada.trading.tests.CucumberTest" time="0.116"/>
</testsuite>